57_UberApp/UberApp/build/intermediates/manifest_merge_blame_file/debug/manifest-merger-blame-debug-report.txt
1<?xml version="1.0" encoding="utf-8"?>
2<manifest xmlns:android="http://schemas.android.com/apk/res/android"
3    package="arjun.myappcompany.uber"
4    android:versionCode="1"
5    android:versionName="1.0" >
6
7    <uses-sdk
8        android:minSdkVersion="23"
8-->src\main\AndroidManifest.xml
9        android:targetSdkVersion="31" />
9-->src\main\AndroidManifest.xml
10
11    <uses-permission android:name="android.permission.ACCESS_FINE_LOCATION" />
11-->src\main\AndroidManifest.xml:62:5-79
11-->src\main\AndroidManifest.xml:62:22-76
12    <uses-permission android:name="android.permission.INTERNET" />
12-->[com.parse:parse-android:1.17.3] AndroidManifest.xml:19:5-67
12-->[com.parse:parse-android:1.17.3] AndroidManifest.xml:19:22-64
13    <uses-permission android:name="android.permission.ACCESS_NETWORK_STATE" />
13-->[com.parse:parse-android:1.17.3] AndroidManifest.xml:20:5-79
13-->[com.parse:parse-android:1.17.3] AndroidManifest.xml:20:22-76
14
15    <uses-feature
15-->[com.google.android.gms:play-services-maps:18.0.0] AndroidManifest.xml:26:5-28:35
16        android:glEsVersion="0x00020000"
16-->[com.google.android.gms:play-services-maps:18.0.0] AndroidManifest.xml:27:9-41
17        android:required="true" />
17-->[com.google.android.gms:play-services-maps:18.0.0] AndroidManifest.xml:28:9-32
18
19    <queries>
19-->[com.google.android.gms:play-services-maps:18.0.0] AndroidManifest.xml:30:5-34:15
20
21        <!-- Needs to be explicitly declared on Android R+ -->
22        <package android:name="com.google.android.apps.maps" />
22-->[com.google.android.gms:play-services-maps:18.0.0] AndroidManifest.xml:33:9-64
22-->[com.google.android.gms:play-services-maps:18.0.0] AndroidManifest.xml:33:18-61
23    </queries>
24
25    <uses-permission android:name="android.permission.WAKE_LOCK" />
25-->[com.google.firebase:firebase-measurement-connector-impl:15.0.0] AndroidManifest.xml:24:5-68
25-->[com.google.firebase:firebase-measurement-connector-impl:15.0.0] AndroidManifest.xml:24:22-65
26    <uses-permission android:name="com.google.android.finsky.permission.BIND_GET_INSTALL_REFERRER_SERVICE" /> <!-- Required by older versions of Google Play services to create IID tokens -->
26-->[com.google.firebase:firebase-analytics:15.0.2] AndroidManifest.xml:26:5-110
26-->[com.google.firebase:firebase-analytics:15.0.2] AndroidManifest.xml:26:22-107
27    <uses-permission android:name="com.google.android.c2dm.permission.RECEIVE" />
27-->[com.google.firebase:firebase-iid:15.1.0] AndroidManifest.xml:26:5-82
27-->[com.google.firebase:firebase-iid:15.1.0] AndroidManifest.xml:26:22-79
28
29    <permission
29-->[com.google.firebase:firebase-iid:15.1.0] AndroidManifest.xml:28:5-30:47
30        android:name="arjun.myappcompany.uber.permission.C2D_MESSAGE"
30-->[com.google.firebase:firebase-iid:15.1.0] AndroidManifest.xml:29:9-63
31        android:protectionLevel="signature" />
31-->[com.google.firebase:firebase-iid:15.1.0] AndroidManifest.xml:30:9-44
32
33    <uses-permission android:name="arjun.myappcompany.uber.permission.C2D_MESSAGE" />
33-->[com.google.firebase:firebase-iid:15.1.0] AndroidManifest.xml:32:5-79
33-->[com.google.firebase:firebase-iid:15.1.0] AndroidManifest.xml:32:22-76
34    <!--
35         The ACCESS_COARSE/FINE_LOCATION permissions are not required to use
36         Google Maps Android API v2, but you must specify either coarse or fine
37         location permissions for the "MyLocation" functionality.
38    -->
39    <application
39-->src\main\AndroidManifest.xml:11:5-60:19
40        android:name="arjun.myappcompany.uber.StarterApplication"
40-->src\main\AndroidManifest.xml:12:9-43
41        android:allowBackup="true"
41-->src\main\AndroidManifest.xml:13:9-35
42        android:appComponentFactory="androidx.core.app.CoreComponentFactory"
42-->[androidx.core:core:1.5.0] AndroidManifest.xml:24:18-86
43        android:debuggable="true"
44        android:extractNativeLibs="false"
45        android:icon="@mipmap/ic_launcher"
45-->src\main\AndroidManifest.xml:14:9-43
46        android:label="@string/app_name"
46-->src\main\AndroidManifest.xml:15:9-41
47        android:testOnly="true"
48        android:theme="@style/AppTheme" >
48-->src\main\AndroidManifest.xml:16:9-40
49
50        <!--
51             The API key for Google Maps-based APIs is defined as a string resource.
52             (See the file "res/values/google_maps_api.xml").
53             Note that the API key is linked to the encryption key used to sign the APK.
54             You need a different API key for each encryption key, including the release key that is used to
55             sign the APK for publishing.
56             You can define the keys for the debug and release targets in src/debug/ and src/release/.
57        -->
58        <activity
58-->src\main\AndroidManifest.xml:26:9-29:70
59            android:name="arjun.myappcompany.uber.DriverLocationActivity"
59-->src\main\AndroidManifest.xml:27:13-51
60            android:exported="true"
60-->src\main\AndroidManifest.xml:28:13-36
61            android:label="@string/title_activity_driver_location" />
61-->src\main\AndroidManifest.xml:29:13-67
62        <activity
62-->src\main\AndroidManifest.xml:31:9-33:39
63            android:name="arjun.myappcompany.uber.ViewRequestsActivity"
63-->src\main\AndroidManifest.xml:32:13-49
64            android:exported="true" />
64-->src\main\AndroidManifest.xml:33:13-36
65        <activity
65-->src\main\AndroidManifest.xml:34:9-37:60
66            android:name="arjun.myappcompany.uber.RiderActivity"
66-->src\main\AndroidManifest.xml:35:13-42
67            android:exported="true"
67-->src\main\AndroidManifest.xml:36:13-36
68            android:label="@string/title_activity_rider" />
68-->src\main\AndroidManifest.xml:37:13-57
69        <!--
70             The API key for Google Maps-based APIs is defined as a string resource.
71             (See the file "res/values/google_maps_api.xml").
72             Note that the API key is linked to the encryption key used to sign the APK.
73             You need a different API key for each encryption key, including the release key that is used to
74             sign the APK for publishing.
75             You can define the keys for the debug and release targets in src/debug/ and src/release/.
76        -->
77        <activity
77-->src\main\AndroidManifest.xml:46:9-56:20
78            android:name="arjun.myappcompany.uber.MainActivity"
78-->src\main\AndroidManifest.xml:47:13-41
79            android:exported="true"
79-->src\main\AndroidManifest.xml:48:13-36
80            android:label="@string/app_name" >
80-->src\main\AndroidManifest.xml:49:13-45
81            <intent-filter>
81-->src\main\AndroidManifest.xml:51:13-55:29
82                <action android:name="android.intent.action.MAIN" />
82-->src\main\AndroidManifest.xml:52:17-69
82-->src\main\AndroidManifest.xml:52:25-66
83
84                <category android:name="android.intent.category.LAUNCHER" />
84-->src\main\AndroidManifest.xml:54:17-77
84-->src\main\AndroidManifest.xml:54:27-74
85            </intent-filter>
86        </activity>
87
88        <meta-data
88-->src\main\AndroidManifest.xml:57:9-59:55
89            android:name="com.google.android.geo.API_KEY"
89-->src\main\AndroidManifest.xml:58:13-58
90            android:value="@string/google_maps_key" />
90-->src\main\AndroidManifest.xml:59:13-52
91
92        <service
92-->[com.parse:parse-fcm-android:1.17.3] AndroidManifest.xml:12:9-18:19
93            android:name="com.parse.fcm.ParseFirebaseJobService"
93-->[com.parse:parse-fcm-android:1.17.3] AndroidManifest.xml:13:13-65
94            android:exported="false" >
94-->[com.parse:parse-fcm-android:1.17.3] AndroidManifest.xml:14:13-37
95            <intent-filter>
95-->[com.parse:parse-fcm-android:1.17.3] AndroidManifest.xml:15:13-17:29
96                <action android:name="com.firebase.jobdispatcher.ACTION_EXECUTE" />
96-->[com.parse:parse-fcm-android:1.17.3] AndroidManifest.xml:16:17-84
96-->[com.parse:parse-fcm-android:1.17.3] AndroidManifest.xml:16:25-81
97            </intent-filter>
98        </service> <!-- Needs to be explicitly declared on P+ -->
99        <uses-library
99-->[com.google.android.gms:play-services-maps:18.0.0] AndroidManifest.xml:39:9-41:40
100            android:name="org.apache.http.legacy"
100-->[com.google.android.gms:play-services-maps:18.0.0] AndroidManifest.xml:40:13-50
101            android:required="false" />
101-->[com.google.android.gms:play-services-maps:18.0.0] AndroidManifest.xml:41:13-37
102        <!--
103             FirebaseMessagingService performs security checks at runtime,
104             no need for explicit permissions despite exported="true"
105        -->
106        <service
106-->[com.google.firebase:firebase-messaging:15.0.2] AndroidManifest.xml:28:9-34:19
107            android:name="com.google.firebase.messaging.FirebaseMessagingService"
107-->[com.google.firebase:firebase-messaging:15.0.2] AndroidManifest.xml:29:13-82
108            android:exported="true" >
108-->[com.google.firebase:firebase-messaging:15.0.2] AndroidManifest.xml:30:13-36
109            <intent-filter android:priority="-500" >
109-->[com.google.firebase:firebase-messaging:15.0.2] AndroidManifest.xml:31:13-33:29
109-->[com.google.firebase:firebase-messaging:15.0.2] AndroidManifest.xml:31:28-51
110                <action android:name="com.google.firebase.MESSAGING_EVENT" />
110-->[com.google.firebase:firebase-messaging:15.0.2] AndroidManifest.xml:32:17-78
110-->[com.google.firebase:firebase-messaging:15.0.2] AndroidManifest.xml:32:25-75
111            </intent-filter>
112        </service>
113        <service android:name="com.google.firebase.components.ComponentDiscoveryService" >
113-->[com.google.firebase:firebase-measurement-connector-impl:15.0.0] AndroidManifest.xml:27:9-31:19
113-->[com.google.firebase:firebase-measurement-connector-impl:15.0.0] AndroidManifest.xml:27:18-89
114            <meta-data
114-->[com.google.firebase:firebase-measurement-connector-impl:15.0.0] AndroidManifest.xml:28:13-30:85
115                android:name="com.google.firebase.components:com.google.firebase.analytics.connector.internal.AnalyticsConnectorRegistrar"
115-->[com.google.firebase:firebase-measurement-connector-impl:15.0.0] AndroidManifest.xml:29:17-139
116                android:value="com.google.firebase.components.ComponentRegistrar" />
116-->[com.google.firebase:firebase-measurement-connector-impl:15.0.0] AndroidManifest.xml:30:17-82
117            <meta-data
117-->[com.google.firebase:firebase-iid:15.1.0] AndroidManifest.xml:36:13-38:85
118                android:name="com.google.firebase.components:com.google.firebase.iid.Registrar"
118-->[com.google.firebase:firebase-iid:15.1.0] AndroidManifest.xml:37:17-96
119                android:value="com.google.firebase.components.ComponentRegistrar" />
119-->[com.google.firebase:firebase-iid:15.1.0] AndroidManifest.xml:38:17-82
120        </service>
121
122        <receiver
122-->[com.google.firebase:firebase-analytics:15.0.2] AndroidManifest.xml:29:9-33:20
123            android:name="com.google.android.gms.measurement.AppMeasurementReceiver"
123-->[com.google.firebase:firebase-analytics:15.0.2] AndroidManifest.xml:30:13-85
124            android:enabled="true"
124-->[com.google.firebase:firebase-analytics:15.0.2] AndroidManifest.xml:31:13-35
125            android:exported="false" >
125-->[com.google.firebase:firebase-analytics:15.0.2] AndroidManifest.xml:32:13-37
126        </receiver>
127        <receiver
127-->[com.google.firebase:firebase-analytics:15.0.2] AndroidManifest.xml:34:9-42:20
128            android:name="com.google.android.gms.measurement.AppMeasurementInstallReferrerReceiver"
128-->[com.google.firebase:firebase-analytics:15.0.2] AndroidManifest.xml:35:13-100
129            android:enabled="true"
129-->[com.google.firebase:firebase-analytics:15.0.2] AndroidManifest.xml:36:13-35
130            android:exported="true"
130-->[com.google.firebase:firebase-analytics:15.0.2] AndroidManifest.xml:37:13-36
131            android:permission="android.permission.INSTALL_PACKAGES" >
131-->[com.google.firebase:firebase-analytics:15.0.2] AndroidManifest.xml:38:13-69
132            <intent-filter>
132-->[com.google.firebase:firebase-analytics:15.0.2] AndroidManifest.xml:39:13-41:29
133                <action android:name="com.android.vending.INSTALL_REFERRER" />
133-->[com.google.firebase:firebase-analytics:15.0.2] AndroidManifest.xml:40:17-79
133-->[com.google.firebase:firebase-analytics:15.0.2] AndroidManifest.xml:40:25-76
134            </intent-filter>
135        </receiver>
136
137        <service
137-->[com.google.firebase:firebase-analytics:15.0.2] AndroidManifest.xml:44:9-47:40
138            android:name="com.google.android.gms.measurement.AppMeasurementService"
138-->[com.google.firebase:firebase-analytics:15.0.2] AndroidManifest.xml:45:13-84
139            android:enabled="true"
139-->[com.google.firebase:firebase-analytics:15.0.2] AndroidManifest.xml:46:13-35
140            android:exported="false" />
140-->[com.google.firebase:firebase-analytics:15.0.2] AndroidManifest.xml:47:13-37
141        <service
141-->[com.google.firebase:firebase-analytics:15.0.2] AndroidManifest.xml:48:9-52:72
142            android:name="com.google.android.gms.measurement.AppMeasurementJobService"
142-->[com.google.firebase:firebase-analytics:15.0.2] AndroidManifest.xml:49:13-87
143            android:enabled="true"
143-->[com.google.firebase:firebase-analytics:15.0.2] AndroidManifest.xml:50:13-35
144            android:exported="false"
144-->[com.google.firebase:firebase-analytics:15.0.2] AndroidManifest.xml:51:13-37
145            android:permission="android.permission.BIND_JOB_SERVICE" />
145-->[com.google.firebase:firebase-analytics:15.0.2] AndroidManifest.xml:52:13-69
146
147        <receiver
147-->[com.google.firebase:firebase-iid:15.1.0] AndroidManifest.xml:41:9-50:20
148            android:name="com.google.firebase.iid.FirebaseInstanceIdReceiver"
148-->[com.google.firebase:firebase-iid:15.1.0] AndroidManifest.xml:42:13-78
149            android:exported="true"
149-->[com.google.firebase:firebase-iid:15.1.0] AndroidManifest.xml:43:13-36
150            android:permission="com.google.android.c2dm.permission.SEND" >
150-->[com.google.firebase:firebase-iid:15.1.0] AndroidManifest.xml:44:13-73
151            <intent-filter>
151-->[com.google.firebase:firebase-iid:15.1.0] AndroidManifest.xml:45:13-49:29
152                <action android:name="com.google.android.c2dm.intent.RECEIVE" />
152-->[com.google.firebase:firebase-iid:15.1.0] AndroidManifest.xml:46:17-81
152-->[com.google.firebase:firebase-iid:15.1.0] AndroidManifest.xml:46:25-78
153
154                <category android:name="arjun.myappcompany.uber" />
154-->[com.google.firebase:firebase-iid:15.1.0] AndroidManifest.xml:48:17-61
154-->[com.google.firebase:firebase-iid:15.1.0] AndroidManifest.xml:48:27-58
155            </intent-filter>
156        </receiver>
157        <!--
158             FirebaseInstanceIdService performs security checks at runtime,
159             no need for explicit permissions despite exported="true"
160        -->
161        <service
161-->[com.google.firebase:firebase-iid:15.1.0] AndroidManifest.xml:56:9-62:19
162            android:name="com.google.firebase.iid.FirebaseInstanceIdService"
162-->[com.google.firebase:firebase-iid:15.1.0] AndroidManifest.xml:57:13-77
163            android:exported="true" >
163-->[com.google.firebase:firebase-iid:15.1.0] AndroidManifest.xml:58:13-36
164            <intent-filter android:priority="-500" >
164-->[com.google.firebase:firebase-iid:15.1.0] AndroidManifest.xml:59:13-61:29
164-->[com.google.firebase:firebase-iid:15.1.0] AndroidManifest.xml:59:28-51
165                <action android:name="com.google.firebase.INSTANCE_ID_EVENT" />
165-->[com.google.firebase:firebase-iid:15.1.0] AndroidManifest.xml:60:17-80
165-->[com.google.firebase:firebase-iid:15.1.0] AndroidManifest.xml:60:25-77
166            </intent-filter>
167        </service>
168
169        <activity
169-->[com.google.android.gms:play-services-base:17.0.0] AndroidManifest.xml:23:9-26:75
170            android:name="com.google.android.gms.common.api.GoogleApiActivity"
170-->[com.google.android.gms:play-services-base:17.0.0] AndroidManifest.xml:24:13-79
171            android:exported="false"
171-->[com.google.android.gms:play-services-base:17.0.0] AndroidManifest.xml:25:13-37
172            android:theme="@android:style/Theme.Translucent.NoTitleBar" />
172-->[com.google.android.gms:play-services-base:17.0.0] AndroidManifest.xml:26:13-72
173
174        <provider
174-->[com.google.firebase:firebase-common:15.0.1] AndroidManifest.xml:8:9-12:39
175            android:name="com.google.firebase.provider.FirebaseInitProvider"
175-->[com.google.firebase:firebase-common:15.0.1] AndroidManifest.xml:9:13-77
176            android:authorities="arjun.myappcompany.uber.firebaseinitprovider"
176-->[com.google.firebase:firebase-common:15.0.1] AndroidManifest.xml:10:13-72
177            android:exported="false"
177-->[com.google.firebase:firebase-common:15.0.1] AndroidManifest.xml:11:13-37
178            android:initOrder="100" />
178-->[com.google.firebase:firebase-common:15.0.1] AndroidManifest.xml:12:13-36
179
180        <meta-data
180-->[com.google.android.gms:play-services-basement:17.0.0] AndroidManifest.xml:23:9-25:69
181            android:name="com.google.android.gms.version"
181-->[com.google.android.gms:play-services-basement:17.0.0] AndroidManifest.xml:24:13-58
182            android:value="@integer/google_play_services_version" />
182-->[com.google.android.gms:play-services-basement:17.0.0] AndroidManifest.xml:25:13-66
183        <!--
184             Receives GooglePlay execution requests and forwards them to the
185             appropriate internal service.
186        -->
187        <service
187-->[com.firebase:firebase-jobdispatcher:0.8.5] AndroidManifest.xml:32:9-39:19
188            android:name="com.firebase.jobdispatcher.GooglePlayReceiver"
188-->[com.firebase:firebase-jobdispatcher:0.8.5] AndroidManifest.xml:33:13-73
189            android:exported="true"
189-->[com.firebase:firebase-jobdispatcher:0.8.5] AndroidManifest.xml:34:13-36
190            android:permission="com.google.android.gms.permission.BIND_NETWORK_TASK_SERVICE" >
190-->[com.firebase:firebase-jobdispatcher:0.8.5] AndroidManifest.xml:35:13-93
191            <intent-filter>
191-->[com.firebase:firebase-jobdispatcher:0.8.5] AndroidManifest.xml:36:13-38:29
192                <action android:name="com.google.android.gms.gcm.ACTION_TASK_READY" />
192-->[com.firebase:firebase-jobdispatcher:0.8.5] AndroidManifest.xml:37:17-87
192-->[com.firebase:firebase-jobdispatcher:0.8.5] AndroidManifest.xml:37:25-84
193            </intent-filter>
194        </service>
195    </application>
196
197</manifest>